create extension pgsynck;
select * from pgsynck
($$
    select '1;2;3/* not a comment */' from "My;Table" as from;
    select x from (select 1 as x);
    /* test;test */ begin;
    insert into foo2 values ('1''2','3;4');
    abort my trans
$$);
                            sql                            | cursorpos | sqlerrcode |               message               |                   hint                   
-----------------------------------------------------------+-----------+------------+-------------------------------------+------------------------------------------
 select '1;2;3/* not a comment */' from "My;Table" as from |        54 |   16801924 | syntax error at or near "from"      | 
 select x from (select 1 as x)                             |        15 |   16801924 | subquery in FROM must have an alias | For example, FROM (SELECT ...) [AS] foo.
 /* test;test */ begin                                     |         0 |          0 |                                     | 
 insert into foo2 values ('1''2','3;4')                    |         0 |          0 |                                     | 
 abort my trans                                           +|         7 |   16801924 | syntax error at or near "my"        | 
                                                           |           |            |                                     | 
(5 rows)

select * from pgsynck
($$
    --1
    select 2;
    select a from -- b; -- select 1;
    c
$$);
               sql                | cursorpos | sqlerrcode | message | hint 
----------------------------------+-----------+------------+---------+------
 --1                             +|         0 |          0 |         | 
     select 2                     |           |            |         | 
 select a from -- b; -- select 1;+|         0 |          0 |         | 
     c                           +|           |            |         | 
                                  |           |            |         | 
(2 rows)

select * from pgsynck
($$
    
    select 2;
    
$$);
   sql    | cursorpos | sqlerrcode | message | hint 
----------+-----------+------------+---------+------
 select 2 |         0 |          0 |         | 
(1 row)

